[2026-05-14 22:00:59] [START] parts=1 msg_len=732
[2026-05-14 22:01:00] [OK] posted parts=1
[2026-05-14 22:20:55] [START] parts=1 msg_len=732
[2026-05-14 22:20:56] [OK] posted parts=1
[2026-05-15 20:49:12] [START] parts=1 msg_len=732
[2026-05-15 20:49:13] [OK] posted parts=1
[2026-05-16 20:01:04] [START] parts=1 msg_len=48
[2026-05-16 20:01:05] [OK] posted parts=1
[2026-05-16 23:40:01] [START] parts=1 msg_len=1225
[2026-05-16 23:40:02] [OK] posted parts=1
[2026-05-16 23:48:04] [START] parts=1 msg_len=1243
[2026-05-16 23:48:04] [OK] posted parts=1
[2026-05-16 23:50:46] [START] parts=1 msg_len=1293
[2026-05-16 23:50:47] [OK] posted parts=1
[2026-05-16 23:57:09] [START] parts=2 msg_len=2634
[2026-05-16 23:57:10] [OK] posted parts=2
[2026-05-17 20:33:34] [START] parts=2 msg_len=2447
[2026-05-17 20:33:34] [OK] posted parts=2
[2026-05-18 21:00:39] [START] parts=2 msg_len=2663
[2026-05-18 21:00:41] [OK] posted parts=2
[2026-05-21 13:36:41] [START] parts=1 msg_len=90
[2026-05-21 13:36:41] [ERROR] part=1/1 message=Unable to connect to the remote server
[2026-05-21 13:45:14] [START] parts=1 msg_len=90
[2026-05-21 13:45:14] [ERROR] part=1/1 attempt=1/3 message=Unable to connect to the remote server body=
[2026-05-21 13:45:16] [ERROR] part=1/1 attempt=2/3 message=Unable to connect to the remote server body=
[2026-05-21 13:45:20] [ERROR] part=1/1 attempt=3/3 message=Unable to connect to the remote server body=
[2026-05-21 13:45:20] [ERROR] fallback part=1/1 attempt=1/3 message=Unable to connect to the remote server body=
[2026-05-21 13:45:22] [ERROR] fallback part=1/1 attempt=2/3 message=Unable to connect to the remote server body=
[2026-05-21 13:45:26] [ERROR] fallback part=1/1 attempt=3/3 message=Unable to connect to the remote server body=
[2026-05-21 13:45:26] [ERROR] failed_to_deliver part=1/1
[2026-05-21 13:45:26] [WARN] queued pending=E:\workSpace\prompts\pending\generic-discord-pending-20260521-134526.txt
[2026-05-21 14:01:27] [START] parts=1 msg_len=90
[2026-05-21 14:01:27] [ERROR] part=1/1 attempt=1/3 message=Unable to connect to the remote server body=
[2026-05-21 14:01:29] [ERROR] part=1/1 attempt=2/3 message=Unable to connect to the remote server body=
[2026-05-21 14:01:33] [ERROR] part=1/1 attempt=3/3 message=Unable to connect to the remote server body=
[2026-05-21 14:01:33] [ERROR] fallback part=1/1 attempt=1/3 message=Unable to connect to the remote server body=
[2026-05-21 14:01:35] [ERROR] fallback part=1/1 attempt=2/3 message=Unable to connect to the remote server body=
[2026-05-21 14:01:39] [ERROR] fallback part=1/1 attempt=3/3 message=Unable to connect to the remote server body=
[2026-05-21 14:01:39] [ERROR] failed_to_deliver part=1/1
[2026-05-21 14:01:39] [WARN] queued pending=E:\workSpace\prompts\pending\generic-discord-pending-20260521-140139.txt
[2026-05-21 21:03:06] [START] parts=1 msg_len=1686
[2026-05-21 21:03:06] [OK] posted parts=1 hash=55deac8d42538d14bb08f0544213131eef3d97e57323b9e4e9e3331bafebfef1
[2026-05-21 21:39:34] [START] parts=1 msg_len=1057
[2026-05-21 21:39:34] [ERROR] part=1/1 attempt=1/3 message=Unable to connect to the remote server body=
[2026-05-21 21:39:36] [ERROR] part=1/1 attempt=2/3 message=Unable to connect to the remote server body=
[2026-05-21 21:39:40] [ERROR] part=1/1 attempt=3/3 message=Unable to connect to the remote server body=
[2026-05-21 21:39:40] [ERROR] fallback part=1/1 attempt=1/3 message=Unable to connect to the remote server body=
[2026-05-21 21:39:42] [ERROR] fallback part=1/1 attempt=2/3 message=Unable to connect to the remote server body=
[2026-05-21 21:39:46] [ERROR] fallback part=1/1 attempt=3/3 message=Unable to connect to the remote server body=
[2026-05-21 21:39:46] [ERROR] failed_to_deliver part=1/1
[2026-05-21 21:39:46] [WARN] queued pending=E:\workSpace\prompts\pending\generic-discord-pending-20260521-213946.txt
[2026-05-21 21:44:18] [START] parts=1 msg_len=1077
[2026-05-21 21:44:19] [OK] posted parts=1 hash=0ab4c6fe5e5133eca9f3e95c9313e527f49d1dd43d9970ee67eb98f945d65e55
[2026-05-21 21:50:35] [START] parts=1 msg_len=917
[2026-05-21 21:50:36] [ERROR] part=1/1 attempt=1/3 message=Unable to connect to the remote server body=
[2026-05-21 21:50:38] [ERROR] part=1/1 attempt=2/3 message=Unable to connect to the remote server body=
[2026-05-21 21:50:42] [ERROR] part=1/1 attempt=3/3 message=Unable to connect to the remote server body=
[2026-05-21 21:50:42] [ERROR] fallback part=1/1 attempt=1/3 message=Unable to connect to the remote server body=
[2026-05-21 21:50:44] [ERROR] fallback part=1/1 attempt=2/3 message=Unable to connect to the remote server body=
[2026-05-21 21:50:48] [ERROR] fallback part=1/1 attempt=3/3 message=Unable to connect to the remote server body=
[2026-05-21 21:50:48] [ERROR] failed_to_deliver part=1/1
[2026-05-21 21:50:48] [WARN] queued pending=E:\workSpace\prompts\pending\generic-discord-pending-20260521-215048.txt
[2026-05-21 21:54:35] [START] parts=1 msg_len=934
[2026-05-21 21:54:36] [OK] posted parts=1 hash=1c382402a276e561d79a4897a34e0971e7028f57c920386c852fde15e974c773
[2026-05-21 22:08:54] [START] parts=2 msg_len=2006
[2026-05-21 22:08:55] [OK] posted parts=2 hash=ae9409a6752029f76d0355f8f27bd3f108683d6bec8180166242e30abdbf98e9
[2026-05-21 22:29:36] [START] parts=1 msg_len=2004
[2026-05-21 22:29:36] [ERROR] part=1/1 attempt=1/3 message=Unable to connect to the remote server body=
[2026-05-21 22:29:38] [ERROR] part=1/1 attempt=2/3 message=Unable to connect to the remote server body=
[2026-05-21 22:29:42] [ERROR] part=1/1 attempt=3/3 message=Unable to connect to the remote server body=
[2026-05-21 22:29:42] [ERROR] fallback part=1/1 attempt=1/3 message=Unable to connect to the remote server body=
[2026-05-21 22:29:44] [ERROR] fallback part=1/1 attempt=2/3 message=Unable to connect to the remote server body=
[2026-05-21 22:29:48] [ERROR] fallback part=1/1 attempt=3/3 message=Unable to connect to the remote server body=
[2026-05-21 22:29:48] [ERROR] failed_to_deliver part=1/1
[2026-05-21 22:29:48] [WARN] queued pending=E:\workSpace\prompts\pending\generic-discord-pending-20260521-222948.txt
[2026-05-21 22:33:13] [START] parts=1 msg_len=2030
[2026-05-21 22:33:14] [OK] posted parts=1 hash=04853ea6d55c67419ce8ab3f2980567231d0cf8979522920196397e2b903b05d
[2026-05-22 11:47:03] [START] parts=1 msg_len=1668
[2026-05-22 11:47:03] [ERROR] part=1/1 attempt=1/3 message=Unable to connect to the remote server body=
[2026-05-22 11:47:05] [ERROR] part=1/1 attempt=2/3 message=Unable to connect to the remote server body=
[2026-05-22 11:47:09] [ERROR] part=1/1 attempt=3/3 message=Unable to connect to the remote server body=
[2026-05-22 11:47:09] [ERROR] fallback part=1/1 attempt=1/3 message=Unable to connect to the remote server body=
[2026-05-22 11:47:11] [ERROR] fallback part=1/1 attempt=2/3 message=Unable to connect to the remote server body=
[2026-05-22 11:47:15] [ERROR] fallback part=1/1 attempt=3/3 message=Unable to connect to the remote server body=
[2026-05-22 11:47:15] [ERROR] failed_to_deliver part=1/1
[2026-05-22 11:47:15] [WARN] queued pending=E:\workSpace\prompts\pending\generic-discord-pending-20260522-114715.txt
[2026-05-22 21:03:05] [START] parts=1 msg_len=1671
[2026-05-22 21:03:06] [OK] posted parts=1 hash=7d2db6e6f6fab13784971ebf1b8bec90741e8cf879dca106a78353c07f0195fd
[2026-05-23 21:03:44] [START] parts=1 msg_len=1694
[2026-05-23 21:03:45] [OK] posted parts=1 hash=5b7fe06bb2226dd6da9470fd12f409c404b3abbf27a214e476b368dac0a44604
[2026-05-24 21:03:57] [START] parts=1 msg_len=1635
[2026-05-24 21:03:58] [OK] posted parts=1 hash=a5653ef20ea19d23abdbf5ceac426d460779864927d2806d5d6e2bc2ee442ba9
