Python 
Python 
Python 
python3: can't open file '/e/workSpace/E:\\workSpace\\scripts\\pipelines\\daily.py': [Errno 2] No such file or directory
skip investment adaptive analysis: outcome file not found for 2026-05-12
skip rule dashboard: long/short rule inputs not ready for 2026-05-12
python3 scripts/build_investment_tag_index.py
Python Python make: *** [Makefile:50: investment-adaptive] Error 49
[pipeline] make investment-adaptive DATE=2026-05-12 SEED_LIST=rough_backtest_light MIN_COUNT=8
Traceback (most recent call last):
  File "E:\workSpace\scripts\pipelines\daily.py", line 37, in <module>
    raise SystemExit(main())
                     ^^^^^^
  File "E:\workSpace\scripts\pipelines\daily.py", line 26, in main
    run_cmd([
  File "E:\workSpace\scripts\pipelines\common.py", line 25, in run_cmd
    raise RuntimeError(f"command failed: {printable} (exit={proc.returncode})")
RuntimeError: command failed: make investment-adaptive DATE=2026-05-12 SEED_LIST=rough_backtest_light MIN_COUNT=8 (exit=2)
skip investment adaptive analysis: outcome file not found for 2026-05-13
skip rule dashboard: long/short rule inputs not ready for 2026-05-13
python3 scripts/build_investment_tag_index.py
Python Python make: *** [Makefile:50: investment-adaptive] Error 49
[pipeline] make investment-adaptive DATE=2026-05-13 SEED_LIST=rough_backtest_light MIN_COUNT=8
Traceback (most recent call last):
  File "E:\workSpace\scripts\pipelines\daily.py", line 37, in <module>
    raise SystemExit(main())
                     ^^^^^^
  File "E:\workSpace\scripts\pipelines\daily.py", line 26, in main
    run_cmd([
  File "E:\workSpace\scripts\pipelines\common.py", line 25, in run_cmd
    raise RuntimeError(f"command failed: {printable} (exit={proc.returncode})")
RuntimeError: command failed: make investment-adaptive DATE=2026-05-13 SEED_LIST=rough_backtest_light MIN_COUNT=8 (exit=2)
skip investment adaptive analysis: outcome file not found for 2026-05-14
skip rule dashboard: long/short rule inputs not ready for 2026-05-14
python3 scripts/build_investment_tag_index.py
Python Python make: *** [Makefile:50: investment-adaptive] Error 49
[pipeline] make investment-adaptive DATE=2026-05-14 SEED_LIST=rough_backtest_light MIN_COUNT=8
Traceback (most recent call last):
  File "E:\workSpace\scripts\pipelines\daily.py", line 37, in <module>
    raise SystemExit(main())
                     ^^^^^^
  File "E:\workSpace\scripts\pipelines\daily.py", line 26, in main
    run_cmd([
  File "E:\workSpace\scripts\pipelines\common.py", line 25, in run_cmd
    raise RuntimeError(f"command failed: {printable} (exit={proc.returncode})")
RuntimeError: command failed: make investment-adaptive DATE=2026-05-14 SEED_LIST=rough_backtest_light MIN_COUNT=8 (exit=2)
[2026-05-14 07:00:07] AppActivate failed: Exception calling "AppActivate" with "1" argument(s): "プロセス '18500' が見つかりませんでした。"
skip investment adaptive analysis: outcome file not found for 2026-05-15
skip rule dashboard: long/short rule inputs not ready for 2026-05-15
python3 scripts/build_investment_tag_index.py
Python Python make: *** [Makefile:50: investment-adaptive] Error 49
[pipeline] make investment-adaptive DATE=2026-05-15 SEED_LIST=rough_backtest_light MIN_COUNT=8
Traceback (most recent call last):
  File "E:\workSpace\scripts\pipelines\daily.py", line 37, in <module>
    raise SystemExit(main())
                     ^^^^^^
  File "E:\workSpace\scripts\pipelines\daily.py", line 26, in main
    run_cmd([
  File "E:\workSpace\scripts\pipelines\common.py", line 25, in run_cmd
    raise RuntimeError(f"command failed: {printable} (exit={proc.returncode})")
RuntimeError: command failed: make investment-adaptive DATE=2026-05-15 SEED_LIST=rough_backtest_light MIN_COUNT=8 (exit=2)
[2026-05-15 07:07:14] AppActivate failed: Exception calling "AppActivate" with "1" argument(s): "プロセス '18500' が見つかりませんでした。"
skip investment adaptive analysis: outcome file not found for 2026-05-16
skip rule dashboard: long/short rule inputs not ready for 2026-05-16
python3 scripts/build_investment_tag_index.py
Python Python make: *** [Makefile:50: investment-adaptive] Error 49
[pipeline] make investment-adaptive DATE=2026-05-16 SEED_LIST=rough_backtest_light MIN_COUNT=8
Traceback (most recent call last):
  File "E:\workSpace\scripts\pipelines\daily.py", line 37, in <module>
    raise SystemExit(main())
                     ^^^^^^
  File "E:\workSpace\scripts\pipelines\daily.py", line 26, in main
    run_cmd([
  File "E:\workSpace\scripts\pipelines\common.py", line 25, in run_cmd
    raise RuntimeError(f"command failed: {printable} (exit={proc.returncode})")
RuntimeError: command failed: make investment-adaptive DATE=2026-05-16 SEED_LIST=rough_backtest_light MIN_COUNT=8 (exit=2)
[2026-05-16 07:13:29] AppActivate failed: Exception calling "AppActivate" with "1" argument(s): "プロセス '18500' が見つかりませんでした。"
