[2026-05-14 21:43:50] [AIOS-Night] [START] begin cmd=Set-Location E:\workSpace; py scripts/run_ops_scheduler.py --slot night --date (Get-Date -Format yyyy-MM-dd); if ($LASTEXITCODE -eq 0) { powershell -NoProfile -ExecutionPolicy Bypass -File E:\workSpace\scripts\post_generic_discord.ps1 }; exit $LASTEXITCODE
[2026-05-14 21:43:53] [AIOS-Night] [END] elapsed_ms=3412
[2026-05-14 21:47:10] [AIOS-Night] [START] begin cmd=Set-Location E:\workSpace; py scripts/run_ops_scheduler.py --slot night --date (Get-Date -Format yyyy-MM-dd); if ($LASTEXITCODE -eq 0) { powershell -NoProfile -ExecutionPolicy Bypass -File E:\workSpace\scripts\post_generic_discord.ps1 }; $LASTEXITCODE
[2026-05-14 21:47:13] [AIOS-Night] [OK] exit_code=0
[2026-05-14 21:47:13] [AIOS-Night] [END] elapsed_ms=2997
[2026-05-14 21:47:46] [AIOS-Night] [START] begin cmd=Set-Location E:\workSpace; py scripts/run_ops_scheduler.py --slot night --date (Get-Date -Format yyyy-MM-dd); if ($LASTEXITCODE -eq 0) { powershell -NoProfile -ExecutionPolicy Bypass -File E:\workSpace\scripts\post_generic_discord.ps1 }; $LASTEXITCODE
[2026-05-14 21:47:49] [AIOS-Night] [OK] exit_code=0
[2026-05-14 21:47:49] [AIOS-Night] [END] elapsed_ms=3378
[2026-05-14 21:49:30] [AIOS-Night] [START] begin cmd=Set-Location E:\workSpace; py scripts/run_ops_scheduler.py --slot night --date (Get-Date -Format yyyy-MM-dd); if ($LASTEXITCODE -eq 0) { powershell -NoProfile -ExecutionPolicy Bypass -File E:\workSpace\scripts\post_generic_discord.ps1 }; $LASTEXITCODE
[2026-05-14 21:49:33] [AIOS-Night] [OK] exit_code=0
[2026-05-14 21:49:33] [AIOS-Night] [END] elapsed_ms=3188
[2026-05-14 21:55:41] [AIOS-Inv-Evening] [START] begin cmd=Set-Location E:\workSpace; py scripts/run_ops_scheduler.py --slot inv-evening --date (Get-Date -Format yyyy-MM-dd); if ($LASTEXITCODE -eq 0) { powershell -NoProfile -ExecutionPolicy Bypass -File E:\workSpace\scripts\post_signal_discord.ps1 }; $LASTEXITCODE
[2026-05-14 21:56:03] [AIOS-Inv-Evening] [ERROR] exit_code=1
[2026-05-14 21:56:03] [AIOS-Inv-Evening] [END] elapsed_ms=22802
[2026-05-14 21:56:43] [AIOS-Night] [START] begin cmd=Set-Location E:\workSpace; py scripts/run_ops_scheduler.py --slot night --date (Get-Date -Format yyyy-MM-dd); if ($LASTEXITCODE -eq 0) { powershell -NoProfile -ExecutionPolicy Bypass -File E:\workSpace\scripts\post_generic_discord.ps1; if ($LASTEXITCODE -eq 0) { powershell -NoProfile -ExecutionPolicy Bypass -File E:\workSpace\scripts\post_signal_discord.ps1 } }; $LASTEXITCODE
[2026-05-14 21:57:09] [AIOS-Night] [ERROR] exit_code=1
[2026-05-14 21:57:09] [AIOS-Night] [END] elapsed_ms=25976
[2026-05-14 21:58:00] [AIOS-Inv-Evening] [START] begin cmd=Set-Location E:\workSpace; py scripts/run_ops_scheduler.py --slot inv-evening --date (Get-Date -Format yyyy-MM-dd); if ($LASTEXITCODE -eq 0) { powershell -NoProfile -ExecutionPolicy Bypass -File E:\workSpace\scripts\post_signal_discord.ps1 }; $LASTEXITCODE
[2026-05-14 21:58:22] [AIOS-Inv-Evening] [ERROR] exit_code=1
[2026-05-14 21:58:22] [AIOS-Inv-Evening] [END] elapsed_ms=21696
[2026-05-14 22:00:36] [AIOS-Night] [START] begin cmd=Set-Location E:\workSpace; py scripts/run_ops_scheduler.py --slot night --date (Get-Date -Format yyyy-MM-dd); if ($LASTEXITCODE -eq 0) { powershell -NoProfile -ExecutionPolicy Bypass -File E:\workSpace\scripts\post_generic_discord.ps1; if ($LASTEXITCODE -eq 0) { powershell -NoProfile -ExecutionPolicy Bypass -File E:\workSpace\scripts\post_signal_discord.ps1 } }; $LASTEXITCODE
[2026-05-14 22:01:01] [AIOS-Night] [ERROR] exit_code=1
[2026-05-14 22:01:01] [AIOS-Night] [END] elapsed_ms=24896
[2026-05-14 22:01:01] [AIOS-Inv-Evening] [START] begin cmd=Set-Location E:\workSpace; py scripts/run_ops_scheduler.py --slot inv-evening --date (Get-Date -Format yyyy-MM-dd); if ($LASTEXITCODE -eq 0) { powershell -NoProfile -ExecutionPolicy Bypass -File E:\workSpace\scripts\post_signal_discord.ps1 }; $LASTEXITCODE
[2026-05-14 22:01:25] [AIOS-Inv-Evening] [ERROR] exit_code=1
[2026-05-14 22:01:25] [AIOS-Inv-Evening] [END] elapsed_ms=24336
[2026-05-14 22:02:39] [AIOS-Inv-Evening] [START] begin cmd=Set-Location E:\workSpace; py scripts/run_ops_scheduler.py --slot inv-evening --date (Get-Date -Format yyyy-MM-dd); if ($LASTEXITCODE -eq 0) { powershell -NoProfile -ExecutionPolicy Bypass -File E:\workSpace\scripts\post_signal_discord.ps1 }; $LASTEXITCODE
[2026-05-14 22:03:02] [AIOS-Inv-Evening] [OK] exit_code=0
[2026-05-14 22:03:02] [AIOS-Inv-Evening] [END] elapsed_ms=22647
[2026-05-14 22:17:47] [AIOS-Inv-Evening] [START] begin cmd=Set-Location E:\workSpace; py scripts/run_ops_scheduler.py --slot inv-evening --date (Get-Date -Format yyyy-MM-dd); if ($LASTEXITCODE -eq 0) { powershell -NoProfile -ExecutionPolicy Bypass -File E:\workSpace\scripts\post_signal_discord.ps1 }; $LASTEXITCODE
[2026-05-14 22:18:47] [AIOS-Inv-Evening] [OK] exit_code=0
[2026-05-14 22:18:47] [AIOS-Inv-Evening] [END] elapsed_ms=60362
[2026-05-14 22:19:54] [AIOS-Night] [START] begin cmd=Set-Location E:\workSpace; py scripts/run_ops_scheduler.py --slot night --date (Get-Date -Format yyyy-MM-dd); if ($LASTEXITCODE -eq 0) { powershell -NoProfile -ExecutionPolicy Bypass -File E:\workSpace\scripts\post_generic_discord.ps1; if ($LASTEXITCODE -eq 0) { powershell -NoProfile -ExecutionPolicy Bypass -File E:\workSpace\scripts\post_signal_discord.ps1 } }; $LASTEXITCODE
[2026-05-14 22:20:57] [AIOS-Night] [OK] exit_code=0
[2026-05-14 22:20:57] [AIOS-Night] [END] elapsed_ms=62596
